[debug] [2023-02-09T20:11:42.499Z] ----------------------------------------------------------------------
[debug] [2023-02-09T20:11:42.501Z] Command:       C:\Program Files\nodejs\node.exe C:\Users\danpe\AppData\Roaming\npm\node_modules\firebase-tools\lib\bin\firebase.js serve
[debug] [2023-02-09T20:11:42.501Z] CLI Version:   11.22.0
[debug] [2023-02-09T20:11:42.501Z] Platform:      win32
[debug] [2023-02-09T20:11:42.501Z] Node Version:  v18.0.0
[debug] [2023-02-09T20:11:42.502Z] Time:          Thu Feb 09 2023 20:11:42 GMT+0000 (Greenwich Mean Time)
[debug] [2023-02-09T20:11:42.502Z] ----------------------------------------------------------------------
[debug] 
[debug] [2023-02-09T20:11:42.622Z] > command requires scopes: ["email","openid","https://www.googleapis.com/auth/cloudplatformprojects.readonly","https://www.googleapis.com/auth/firebase","https://www.googleapis.com/auth/cloud-platform"]
[debug] [2023-02-09T20:11:42.622Z] > authorizing via signed-in user (danbrockwaypetersen@gmail.com)
[debug] [2023-02-09T20:11:42.622Z] [iam] checking project next-react-website-5 for permissions ["firebase.projects.get"]
[debug] [2023-02-09T20:11:42.624Z] >>> [apiv2][query] POST https://cloudresourcemanager.googleapis.com/v1/projects/next-react-website-5:testIamPermissions [none]
[debug] [2023-02-09T20:11:42.624Z] >>> [apiv2][(partial)header] POST https://cloudresourcemanager.googleapis.com/v1/projects/next-react-website-5:testIamPermissions x-goog-quota-user=projects/next-react-website-5
[debug] [2023-02-09T20:11:42.624Z] >>> [apiv2][body] POST https://cloudresourcemanager.googleapis.com/v1/projects/next-react-website-5:testIamPermissions {"permissions":["firebase.projects.get"]}
[debug] [2023-02-09T20:11:43.256Z] <<< [apiv2][status] POST https://cloudresourcemanager.googleapis.com/v1/projects/next-react-website-5:testIamPermissions 200
[debug] [2023-02-09T20:11:43.256Z] <<< [apiv2][body] POST https://cloudresourcemanager.googleapis.com/v1/projects/next-react-website-5:testIamPermissions {"permissions":["firebase.projects.get"]}
[debug] [2023-02-09T20:11:43.257Z] >>> [apiv2][query] GET https://firebase.googleapis.com/v1beta1/projects/next-react-website-5 [none]
[debug] [2023-02-09T20:11:43.498Z] <<< [apiv2][status] GET https://firebase.googleapis.com/v1beta1/projects/next-react-website-5 200
[debug] [2023-02-09T20:11:43.498Z] <<< [apiv2][body] GET https://firebase.googleapis.com/v1beta1/projects/next-react-website-5 {"projectId":"next-react-website-5","projectNumber":"808165296144","displayName":"next-react-website-5","name":"projects/next-react-website-5","resources":{"hostingSite":"next-react-website-5","realtimeDatabaseInstance":"next-react-website-5-default-rtdb"},"state":"ACTIVE","etag":"1_a9aefd2b-6209-4e1a-b513-bcdec8e5408e"}
[info] 
[info] === Serving from 'C:\Users\danpe\OneDrive\Desktop\Dev Stuff\nextJS\next-react-website-5\next-react-website-5'...
[info] 
[debug] [2023-02-09T20:11:43.501Z] >>> [apiv2][query] GET https://firebase.googleapis.com/v1beta1/projects/next-react-website-5 [none]
[debug] [2023-02-09T20:11:43.733Z] <<< [apiv2][status] GET https://firebase.googleapis.com/v1beta1/projects/next-react-website-5 200
[debug] [2023-02-09T20:11:43.733Z] <<< [apiv2][body] GET https://firebase.googleapis.com/v1beta1/projects/next-react-website-5 {"projectId":"next-react-website-5","projectNumber":"808165296144","displayName":"next-react-website-5","name":"projects/next-react-website-5","resources":{"hostingSite":"next-react-website-5","realtimeDatabaseInstance":"next-react-website-5-default-rtdb"},"state":"ACTIVE","etag":"1_a9aefd2b-6209-4e1a-b513-bcdec8e5408e"}
[debug] [2023-02-09T20:11:46.086Z] defaultcredentials: writing to file C:\Users\danpe\AppData\Roaming\firebase\danbrockwaypetersen_gmail_com_application_default_credentials.json
[debug] [2023-02-09T20:11:49.124Z] >>> [apiv2][query] GET https://firebasehosting.googleapis.com/v1beta1/projects/next-react-website-5/sites 
[debug] [2023-02-09T20:11:49.987Z] <<< [apiv2][status] GET https://firebasehosting.googleapis.com/v1beta1/projects/next-react-website-5/sites 200
[debug] [2023-02-09T20:11:49.987Z] <<< [apiv2][body] GET https://firebasehosting.googleapis.com/v1beta1/projects/next-react-website-5/sites {"sites":[{"name":"projects/next-react-website-5/sites/next-react-website-5","defaultUrl":"https://next-react-website-5.web.app","appId":"1:808165296144:web:d2a750a359b9f22bd7e295","type":"DEFAULT_SITE"}]}
[debug] [2023-02-09T20:11:49.987Z] >>> [apiv2][query] GET https://firebase.googleapis.com/v1beta1/projects/next-react-website-5/webApps/1:808165296144:web:d2a750a359b9f22bd7e295/config [none]
[debug] [2023-02-09T20:11:50.848Z] <<< [apiv2][status] GET https://firebase.googleapis.com/v1beta1/projects/next-react-website-5/webApps/1:808165296144:web:d2a750a359b9f22bd7e295/config 200
[debug] [2023-02-09T20:11:50.848Z] <<< [apiv2][body] GET https://firebase.googleapis.com/v1beta1/projects/next-react-website-5/webApps/1:808165296144:web:d2a750a359b9f22bd7e295/config {"projectId":"next-react-website-5","appId":"1:808165296144:web:d2a750a359b9f22bd7e295","databaseURL":"https://next-react-website-5-default-rtdb.europe-west1.firebasedatabase.app","storageBucket":"next-react-website-5.appspot.com","apiKey":"AIzaSyDLYZ4eCo4ChvZgo6sGRAR9HLnph3Q07Tw","authDomain":"next-react-website-5.firebaseapp.com","messagingSenderId":"808165296144","measurementId":"G-DW39JQ8CB1"}
[info] i  hosting[next-react-website-5]: Serving hosting files from: public {"metadata":{"emulator":{"name":"hosting"},"message":"Serving hosting files from: \u001b[1mpublic\u001b[22m"}}
[info] +  hosting[next-react-website-5]: Local server: http://localhost:5000 {"metadata":{"emulator":{"name":"hosting"},"message":"Local server: \u001b[4m\u001b[1mhttp://localhost:5000\u001b[22m\u001b[24m"}}
[info] i  hosting: ::1 - - [09/Feb/2023:20:12:03 +0000] "GET / HTTP/1.1" 200 - "-" "Mozilla/5.0 (Windows NT 10.0; Win64; x64; rv:109.0) Gecko/20100101 Firefox/109.0" {"metadata":{"emulator":{"name":"hosting"},"message":"::1 - - [09/Feb/2023:20:12:03 +0000] \"GET / HTTP/1.1\" 200 - \"-\" \"Mozilla/5.0 (Windows NT 10.0; Win64; x64; rv:109.0) Gecko/20100101 Firefox/109.0\""}}
[info] i  hosting: ::1 - - [09/Feb/2023:20:12:03 +0000] "GET /_next/static/chunks/webpack.js HTTP/1.1" 200 - "http://localhost:5000/" "Mozilla/5.0 (Windows NT 10.0; Win64; x64; rv:109.0) Gecko/20100101 Firefox/109.0" {"metadata":{"emulator":{"name":"hosting"},"message":"::1 - - [09/Feb/2023:20:12:03 +0000] \"GET /_next/static/chunks/webpack.js HTTP/1.1\" 200 - \"http://localhost:5000/\" \"Mozilla/5.0 (Windows NT 10.0; Win64; x64; rv:109.0) Gecko/20100101 Firefox/109.0\""}}
[info] i  hosting: ::1 - - [09/Feb/2023:20:12:03 +0000] "GET /_next/static/chunks/main-app.js HTTP/1.1" 200 - "http://localhost:5000/" "Mozilla/5.0 (Windows NT 10.0; Win64; x64; rv:109.0) Gecko/20100101 Firefox/109.0" {"metadata":{"emulator":{"name":"hosting"},"message":"::1 - - [09/Feb/2023:20:12:03 +0000] \"GET /_next/static/chunks/main-app.js HTTP/1.1\" 200 - \"http://localhost:5000/\" \"Mozilla/5.0 (Windows NT 10.0; Win64; x64; rv:109.0) Gecko/20100101 Firefox/109.0\""}}
[info] i  hosting: ::1 - - [09/Feb/2023:20:12:03 +0000] "GET /_next/static/chunks/app-client-internals.js HTTP/1.1" 200 - "http://localhost:5000/" "Mozilla/5.0 (Windows NT 10.0; Win64; x64; rv:109.0) Gecko/20100101 Firefox/109.0" {"metadata":{"emulator":{"name":"hosting"},"message":"::1 - - [09/Feb/2023:20:12:03 +0000] \"GET /_next/static/chunks/app-client-internals.js HTTP/1.1\" 200 - \"http://localhost:5000/\" \"Mozilla/5.0 (Windows NT 10.0; Win64; x64; rv:109.0) Gecko/20100101 Firefox/109.0\""}}
[info] i  hosting: ::1 - - [09/Feb/2023:20:12:03 +0000] "GET /_next/static/css/_app-client_app_globals_css.css HTTP/1.1" 200 - "http://localhost:5000/" "Mozilla/5.0 (Windows NT 10.0; Win64; x64; rv:109.0) Gecko/20100101 Firefox/109.0" {"metadata":{"emulator":{"name":"hosting"},"message":"::1 - - [09/Feb/2023:20:12:03 +0000] \"GET /_next/static/css/_app-client_app_globals_css.css HTTP/1.1\" 200 - \"http://localhost:5000/\" \"Mozilla/5.0 (Windows NT 10.0; Win64; x64; rv:109.0) Gecko/20100101 Firefox/109.0\""}}
[info] i  hosting: ::1 - - [09/Feb/2023:20:12:54 +0000] "GET /api/data/rsvp HTTP/1.1" 200 67 "-" "undici" {"metadata":{"emulator":{"name":"hosting"},"message":"::1 - - [09/Feb/2023:20:12:54 +0000] \"GET /api/data/rsvp HTTP/1.1\" 200 67 \"-\" \"undici\""}}
[info] i  hosting: ::1 - - [09/Feb/2023:20:12:54 +0000] "GET / HTTP/1.1" 200 - "-" "Mozilla/5.0 (Windows NT 10.0; Win64; x64; rv:109.0) Gecko/20100101 Firefox/109.0" {"metadata":{"emulator":{"name":"hosting"},"message":"::1 - - [09/Feb/2023:20:12:54 +0000] \"GET / HTTP/1.1\" 200 - \"-\" \"Mozilla/5.0 (Windows NT 10.0; Win64; x64; rv:109.0) Gecko/20100101 Firefox/109.0\""}}
[info] i  hosting: ::1 - - [09/Feb/2023:20:12:54 +0000] "GET /_next/static/css/_app-client_app_globals_css.css HTTP/1.1" 200 - "http://localhost:5000/" "Mozilla/5.0 (Windows NT 10.0; Win64; x64; rv:109.0) Gecko/20100101 Firefox/109.0" {"metadata":{"emulator":{"name":"hosting"},"message":"::1 - - [09/Feb/2023:20:12:54 +0000] \"GET /_next/static/css/_app-client_app_globals_css.css HTTP/1.1\" 200 - \"http://localhost:5000/\" \"Mozilla/5.0 (Windows NT 10.0; Win64; x64; rv:109.0) Gecko/20100101 Firefox/109.0\""}}
[info] i  hosting: ::1 - - [09/Feb/2023:20:12:54 +0000] "GET /_next/static/chunks/webpack.js HTTP/1.1" 200 - "http://localhost:5000/" "Mozilla/5.0 (Windows NT 10.0; Win64; x64; rv:109.0) Gecko/20100101 Firefox/109.0" {"metadata":{"emulator":{"name":"hosting"},"message":"::1 - - [09/Feb/2023:20:12:54 +0000] \"GET /_next/static/chunks/webpack.js HTTP/1.1\" 200 - \"http://localhost:5000/\" \"Mozilla/5.0 (Windows NT 10.0; Win64; x64; rv:109.0) Gecko/20100101 Firefox/109.0\""}}
[info] i  hosting: ::1 - - [09/Feb/2023:20:12:54 +0000] "GET /_next/static/chunks/main-app.js HTTP/1.1" 200 - "http://localhost:5000/" "Mozilla/5.0 (Windows NT 10.0; Win64; x64; rv:109.0) Gecko/20100101 Firefox/109.0" {"metadata":{"emulator":{"name":"hosting"},"message":"::1 - - [09/Feb/2023:20:12:54 +0000] \"GET /_next/static/chunks/main-app.js HTTP/1.1\" 200 - \"http://localhost:5000/\" \"Mozilla/5.0 (Windows NT 10.0; Win64; x64; rv:109.0) Gecko/20100101 Firefox/109.0\""}}
[info] i  hosting: ::1 - - [09/Feb/2023:20:12:54 +0000] "GET /_next/static/chunks/app/page.js HTTP/1.1" 200 - "http://localhost:5000/" "Mozilla/5.0 (Windows NT 10.0; Win64; x64; rv:109.0) Gecko/20100101 Firefox/109.0" {"metadata":{"emulator":{"name":"hosting"},"message":"::1 - - [09/Feb/2023:20:12:54 +0000] \"GET /_next/static/chunks/app/page.js HTTP/1.1\" 200 - \"http://localhost:5000/\" \"Mozilla/5.0 (Windows NT 10.0; Win64; x64; rv:109.0) Gecko/20100101 Firefox/109.0\""}}
[info] i  hosting: ::1 - - [09/Feb/2023:20:12:54 +0000] "GET /_next/static/chunks/app-client-internals.js HTTP/1.1" 200 - "http://localhost:5000/" "Mozilla/5.0 (Windows NT 10.0; Win64; x64; rv:109.0) Gecko/20100101 Firefox/109.0" {"metadata":{"emulator":{"name":"hosting"},"message":"::1 - - [09/Feb/2023:20:12:54 +0000] \"GET /_next/static/chunks/app-client-internals.js HTTP/1.1\" 200 - \"http://localhost:5000/\" \"Mozilla/5.0 (Windows NT 10.0; Win64; x64; rv:109.0) Gecko/20100101 Firefox/109.0\""}}
[info] i  hosting: ::1 - - [09/Feb/2023:20:12:58 +0000] "GET / HTTP/1.1" 200 - "http://localhost:5000/" "Mozilla/5.0 (Windows NT 10.0; Win64; x64; rv:109.0) Gecko/20100101 Firefox/109.0" {"metadata":{"emulator":{"name":"hosting"},"message":"::1 - - [09/Feb/2023:20:12:58 +0000] \"GET / HTTP/1.1\" 200 - \"http://localhost:5000/\" \"Mozilla/5.0 (Windows NT 10.0; Win64; x64; rv:109.0) Gecko/20100101 Firefox/109.0\""}}
[info] i  hosting: ::1 - - [09/Feb/2023:20:12:58 +0000] "GET /_next/static/webpack/20b32c4239d86ddc.webpack.hot-update.json HTTP/1.1" 200 31 "http://localhost:5000/" "Mozilla/5.0 (Windows NT 10.0; Win64; x64; rv:109.0) Gecko/20100101 Firefox/109.0" {"metadata":{"emulator":{"name":"hosting"},"message":"::1 - - [09/Feb/2023:20:12:58 +0000] \"GET /_next/static/webpack/20b32c4239d86ddc.webpack.hot-update.json HTTP/1.1\" 200 31 \"http://localhost:5000/\" \"Mozilla/5.0 (Windows NT 10.0; Win64; x64; rv:109.0) Gecko/20100101 Firefox/109.0\""}}
[info] i  hosting: ::1 - - [09/Feb/2023:20:12:58 +0000] "GET /_next/static/webpack/webpack.20b32c4239d86ddc.hot-update.js HTTP/1.1" 200 858 "http://localhost:5000/" "Mozilla/5.0 (Windows NT 10.0; Win64; x64; rv:109.0) Gecko/20100101 Firefox/109.0" {"metadata":{"emulator":{"name":"hosting"},"message":"::1 - - [09/Feb/2023:20:12:58 +0000] \"GET /_next/static/webpack/webpack.20b32c4239d86ddc.hot-update.js HTTP/1.1\" 200 858 \"http://localhost:5000/\" \"Mozilla/5.0 (Windows NT 10.0; Win64; x64; rv:109.0) Gecko/20100101 Firefox/109.0\""}}
[info] i  hosting: ::1 - - [09/Feb/2023:20:12:58 +0000] "GET /about HTTP/1.1" 200 - "http://localhost:5000/" "Mozilla/5.0 (Windows NT 10.0; Win64; x64; rv:109.0) Gecko/20100101 Firefox/109.0" {"metadata":{"emulator":{"name":"hosting"},"message":"::1 - - [09/Feb/2023:20:12:58 +0000] \"GET /about HTTP/1.1\" 200 - \"http://localhost:5000/\" \"Mozilla/5.0 (Windows NT 10.0; Win64; x64; rv:109.0) Gecko/20100101 Firefox/109.0\""}}
[info] i  hosting: ::1 - - [09/Feb/2023:20:13:00 +0000] "GET /about HTTP/1.1" 200 - "http://localhost:5000/" "Mozilla/5.0 (Windows NT 10.0; Win64; x64; rv:109.0) Gecko/20100101 Firefox/109.0" {"metadata":{"emulator":{"name":"hosting"},"message":"::1 - - [09/Feb/2023:20:13:00 +0000] \"GET /about HTTP/1.1\" 200 - \"http://localhost:5000/\" \"Mozilla/5.0 (Windows NT 10.0; Win64; x64; rv:109.0) Gecko/20100101 Firefox/109.0\""}}
[info] i  hosting: ::1 - - [09/Feb/2023:20:13:00 +0000] "GET /_next/static/chunks/app/about/page.js HTTP/1.1" 200 - "http://localhost:5000/" "Mozilla/5.0 (Windows NT 10.0; Win64; x64; rv:109.0) Gecko/20100101 Firefox/109.0" {"metadata":{"emulator":{"name":"hosting"},"message":"::1 - - [09/Feb/2023:20:13:00 +0000] \"GET /_next/static/chunks/app/about/page.js HTTP/1.1\" 200 - \"http://localhost:5000/\" \"Mozilla/5.0 (Windows NT 10.0; Win64; x64; rv:109.0) Gecko/20100101 Firefox/109.0\""}}
